C:\USERS\JASON\DOCUMENTS\CSII\HW05_12.20\HW05_12.20\DEBUG\SHUFFLEVECTOR.OBJ
C:\USERS\JASON\DOCUMENTS\CSII\HW05_12.20\HW05_12.20\DEBUG\VC110.PDB
C:\USERS\JASON\DOCUMENTS\CSII\HW05_12.20\DEBUG\HW05_12.20.ILK
C:\USERS\JASON\DOCUMENTS\CSII\HW05_12.20\DEBUG\HW05_12.20.EXE
C:\USERS\JASON\DOCUMENTS\CSII\HW05_12.20\DEBUG\HW05_12.20.PDB
C:\Users\Jason\Documents\CSII\HW05_12.20\HW05_12.20\Debug\shuffleVector.obj
C:\Users\Jason\Documents\CSII\HW05_12.20\HW05_12.20\Debug\cl.command.1.tlog
C:\Users\Jason\Documents\CSII\HW05_12.20\HW05_12.20\Debug\CL.read.1.tlog
C:\Users\Jason\Documents\CSII\HW05_12.20\HW05_12.20\Debug\CL.write.1.tlog
C:\Users\Jason\Documents\CSII\HW05_12.20\HW05_12.20\Debug\link-cvtres.read.1.tlog
C:\Users\Jason\Documents\CSII\HW05_12.20\HW05_12.20\Debug\link-cvtres.write.1.tlog
C:\Users\Jason\Documents\CSII\HW05_12.20\HW05_12.20\Debug\link-rc.read.1.tlog
C:\Users\Jason\Documents\CSII\HW05_12.20\HW05_12.20\Debug\link-rc.write.1.tlog
C:\Users\Jason\Documents\CSII\HW05_12.20\HW05_12.20\Debug\link.3364-cvtres.read.1.tlog
C:\Users\Jason\Documents\CSII\HW05_12.20\HW05_12.20\Debug\link.3364-cvtres.write.1.tlog
C:\Users\Jason\Documents\CSII\HW05_12.20\HW05_12.20\Debug\link.3364-rc.read.1.tlog
C:\Users\Jason\Documents\CSII\HW05_12.20\HW05_12.20\Debug\link.3364-rc.write.1.tlog
C:\Users\Jason\Documents\CSII\HW05_12.20\HW05_12.20\Debug\link.3364.read.1.tlog
C:\Users\Jason\Documents\CSII\HW05_12.20\HW05_12.20\Debug\link.3364.write.1.tlog
C:\Users\Jason\Documents\CSII\HW05_12.20\HW05_12.20\Debug\link.8112-cvtres.read.1.tlog
C:\Users\Jason\Documents\CSII\HW05_12.20\HW05_12.20\Debug\link.8112-cvtres.write.1.tlog
C:\Users\Jason\Documents\CSII\HW05_12.20\HW05_12.20\Debug\link.8112-rc.read.1.tlog
C:\Users\Jason\Documents\CSII\HW05_12.20\HW05_12.20\Debug\link.8112-rc.write.1.tlog
C:\Users\Jason\Documents\CSII\HW05_12.20\HW05_12.20\Debug\link.8112.read.1.tlog
C:\Users\Jason\Documents\CSII\HW05_12.20\HW05_12.20\Debug\link.8112.write.1.tlog
C:\Users\Jason\Documents\CSII\HW05_12.20\HW05_12.20\Debug\link.8412-cvtres.read.1.tlog
C:\Users\Jason\Documents\CSII\HW05_12.20\HW05_12.20\Debug\link.8412-cvtres.write.1.tlog
C:\Users\Jason\Documents\CSII\HW05_12.20\HW05_12.20\Debug\link.8412-rc.read.1.tlog
C:\Users\Jason\Documents\CSII\HW05_12.20\HW05_12.20\Debug\link.8412-rc.write.1.tlog
C:\Users\Jason\Documents\CSII\HW05_12.20\HW05_12.20\Debug\link.8412.read.1.tlog
C:\Users\Jason\Documents\CSII\HW05_12.20\HW05_12.20\Debug\link.8412.write.1.tlog
C:\Users\Jason\Documents\CSII\HW05_12.20\HW05_12.20\Debug\link.command.1.tlog
C:\Users\Jason\Documents\CSII\HW05_12.20\HW05_12.20\Debug\link.read.1.tlog
C:\Users\Jason\Documents\CSII\HW05_12.20\HW05_12.20\Debug\link.write.1.tlog
C:\Users\Jason\Documents\CSII\HW05_12.20\HW05_12.20\Debug\vc110.idb
C:\Users\Jason\Documents\CSII\HW05_12.20\HW05_12.20\Debug\vc110.pdb
C:\Users\Jason\Documents\CSII\HW05_12.20\Debug\HW05_12.20.pdb
C:\Users\Jason\Documents\CSII\HW05_12.20\Debug\HW05_12.20.exe
C:\Users\Jason\Documents\CSII\HW05_12.20\Debug\HW05_12.20.ilk
